<?xml version="1.0" encoding="UTF-8"?>
<!-- Generated by org.testng.reporters.JUnitReportReporter -->
<testsuite hostname="sandy" failures="0" tests="1" name="DriverFactory.PrimusBankTestScript" time="16.440" errors="0" timestamp="2022-02-03T16:33:03 IST" skipped="0">
  <testcase classname="DriverFactory.PrimusBankTestScript" name="newbranchcreation" time="16.440"/>
  <system-out/>
</testsuite> <!-- DriverFactory.PrimusBankTestScript -->
