<?xml version="1.0" encoding="UTF-8"?>
<!-- Generated by org.testng.reporters.JUnitReportReporter -->
<testsuite hostname="sandy" failures="0" tests="1" name="DriverFactory.TestScript" time="13.849" errors="0" timestamp="2022-01-28T15:54:01 IST" skipped="0">
  <testcase classname="DriverFactory.TestScript" name="employeecreation" time="13.849"/>
  <system-out/>
</testsuite> <!-- DriverFactory.TestScript -->
