<?xml version="1.0" encoding="UTF-8"?>
<!-- Generated by org.testng.reporters.JUnitReportReporter -->
<testsuite hostname="sandy" failures="0" tests="1" name="DriverFactory.Orangehrmdriverscript" time="16.121" errors="0" timestamp="2022-01-30T19:19:42 IST" skipped="0">
  <testcase classname="DriverFactory.Orangehrmdriverscript" name="employeecreation" time="16.121"/>
  <system-out/>
</testsuite> <!-- DriverFactory.Orangehrmdriverscript -->
