<?xml version="1.0" encoding="UTF-8"?>
<!-- Generated by org.testng.reporters.JUnitReportReporter -->
<testsuite hostname="sandy" failures="0" tests="1" name="DriverFactory.DataDrivenDriverScript" time="22.690" errors="0" timestamp="2022-02-03T16:36:11 IST" skipped="0">
  <testcase classname="DriverFactory.DataDrivenDriverScript" name="VerifyLogin" time="22.690"/>
  <system-out>
    <![CDATA[no of rows are::7
Login success::dashboard  http://orangehrm.qedgetech.com/symfony/web/index.php/dashboard
Login Fail::Invalid credentials   dashboard      http://orangehrm.qedgetech.com/symfony/web/index.php/auth/validateCredentials
Login success::dashboard  http://orangehrm.qedgetech.com/symfony/web/index.php/dashboard
Login Fail::Username cannot be empty   dashboard      http://orangehrm.qedgetech.com/symfony/web/index.php/auth/login
Login Fail::Invalid credentials   dashboard      http://orangehrm.qedgetech.com/symfony/web/index.php/auth/validateCredentials
Login Fail::Password cannot be empty   dashboard      http://orangehrm.qedgetech.com/symfony/web/index.php/auth/login
Login Fail::Invalid credentials   dashboard      http://orangehrm.qedgetech.com/symfony/web/index.php/auth/validateCredentials]]>
  </system-out>
</testsuite> <!-- DriverFactory.DataDrivenDriverScript -->
